<?xml version="1.0" encoding="UTF-8"?>
<testng-results ignored="0" total="1" passed="1" failed="0" skipped="0">
  <reporter-output>
  </reporter-output>
  <suite started-at="2022-06-23T16:27:03 IST" name="Default suite" finished-at="2022-06-23T16:27:30 IST" duration-ms="26599">
    <groups>
      <group name="smoke">
        <method signature="CreateCampaignTest.createCampaigntest()[pri:0, instance:com.crm.vtiger.campaignTestng.CreateCampaignTest@56cdfb3b]" name="createCampaigntest" class="com.crm.vtiger.campaignTestng.CreateCampaignTest"/>
      </group> <!-- smoke -->
    </groups>
    <test started-at="2022-06-23T16:27:03 IST" name="Default test" finished-at="2022-06-23T16:27:30 IST" duration-ms="26599">
      <class name="com.crm.vtiger.campaignTestng.CreateCampaignTest">
        <test-method is-config="true" signature="dbconnection()[pri:0, instance:com.crm.vtiger.campaignTestng.CreateCampaignTest@56cdfb3b]" started-at="2022-06-23T16:27:03 IST" name="dbconnection" finished-at="2022-06-23T16:27:03 IST" duration-ms="9" status="PASS">
          <reporter-output>
          </reporter-output>
        </test-method> <!-- dbconnection -->
        <test-method is-config="true" signature="launchthebrowser()[pri:0, instance:com.crm.vtiger.campaignTestng.CreateCampaignTest@56cdfb3b]" started-at="2022-06-23T16:27:03 IST" name="launchthebrowser" finished-at="2022-06-23T16:27:11 IST" duration-ms="7216" status="PASS">
          <reporter-output>
          </reporter-output>
        </test-method> <!-- launchthebrowser -->
        <test-method is-config="true" signature="loginToApplication()[pri:0, instance:com.crm.vtiger.campaignTestng.CreateCampaignTest@56cdfb3b]" started-at="2022-06-23T16:27:11 IST" name="loginToApplication" finished-at="2022-06-23T16:27:14 IST" duration-ms="3384" status="PASS">
          <reporter-output>
          </reporter-output>
        </test-method> <!-- loginToApplication -->
        <test-method signature="createCampaigntest()[pri:0, instance:com.crm.vtiger.campaignTestng.CreateCampaignTest@56cdfb3b]" started-at="2022-06-23T16:27:14 IST" name="createCampaigntest" finished-at="2022-06-23T16:27:24 IST" duration-ms="10442" status="PASS">
          <reporter-output>
          </reporter-output>
        </test-method> <!-- createCampaigntest -->
        <test-method is-config="true" signature="logoutfromapplication()[pri:0, instance:com.crm.vtiger.campaignTestng.CreateCampaignTest@56cdfb3b]" started-at="2022-06-23T16:27:24 IST" name="logoutfromapplication" finished-at="2022-06-23T16:27:26 IST" duration-ms="1581" status="PASS">
          <reporter-output>
          </reporter-output>
        </test-method> <!-- logoutfromapplication -->
        <test-method is-config="true" signature="closebrowser()[pri:0, instance:com.crm.vtiger.campaignTestng.CreateCampaignTest@56cdfb3b]" started-at="2022-06-23T16:27:26 IST" name="closebrowser" finished-at="2022-06-23T16:27:30 IST" duration-ms="3935" status="PASS">
          <reporter-output>
          </reporter-output>
        </test-method> <!-- closebrowser -->
        <test-method is-config="true" signature="closedbconfig()[pri:0, instance:com.crm.vtiger.campaignTestng.CreateCampaignTest@56cdfb3b]" started-at="2022-06-23T16:27:30 IST" name="closedbconfig" finished-at="2022-06-23T16:27:30 IST" duration-ms="1" status="PASS">
          <reporter-output>
          </reporter-output>
        </test-method> <!-- closedbconfig -->
      </class> <!-- com.crm.vtiger.campaignTestng.CreateCampaignTest -->
    </test> <!-- Default test -->
  </suite> <!-- Default suite -->
</testng-results>
