<?xml version="1.0" encoding="UTF-8"?>
<!-- Generated by org.testng.reporters.JUnitXMLReporter -->
<testsuite ignored="2" hostname="DESKTOP-EOGLTVN" failures="0" tests="2" name="testrunner2" time="70.278" errors="0" timestamp="2022-06-16T15:48:14 IST">
  <testcase classname="com.crm.OrganizationTestng.CreateOrganizationWithIndustryType" name="CreateorganizationwithIndustrytype" time="13.801"/>
  <testcase classname="com.cr.campaignTestng.CreateCampaignTest" name="createCampaigntest" time="11.991"/>
  <testcase classname="generic_utilities.Baseclass" name="@BeforeSuite dbconnection" time="0.0">
    <ignored/>
  </testcase> <!-- @BeforeSuite dbconnection -->
  <testcase classname="generic_utilities.Baseclass" name="@AfterSuite closedbconfig" time="0.0">
    <ignored/>
  </testcase> <!-- @AfterSuite closedbconfig -->
</testsuite> <!-- testrunner2 -->
